Using pre-set license
Built from '2021.3/staging' branch; Version is '2021.3.18f1 (3129e69bc0c7) revision 3221990'; Using compiler version '192829333'; Build Type 'Release'
OS: 'Windows 11  (10.0.22621) 64bit CoreCountrySpecific' Language: 'zh' Physical Memory: 16193 MB
BatchMode: 1, IsHumanControllingUs: 0, StartBugReporterOnCrash: 0, Is64bit: 1, IsPro: 1

COMMAND LINE ARGUMENTS:
E:\unity hub\Editor\2021.3.18f1\Editor\Unity.exe
-adb2
-batchMode
-noUpm
-name
AssetImportWorker0
-projectPath
E:/unity hub/unity project/UXA2and3
-logFile
Logs/AssetImportWorker0.log
-srvPort
55712
Successfully changed project path to: E:/unity hub/unity project/UXA2and3
E:/unity hub/unity project/UXA2and3
[UnityMemory] Configuration Parameters - Can be set up in boot.config
    "memorysetup-bucket-allocator-granularity=16"
    "memorysetup-bucket-allocator-bucket-count=8"
    "memorysetup-bucket-allocator-block-size=33554432"
    "memorysetup-bucket-allocator-block-count=8"
    "memorysetup-main-allocator-block-size=16777216"
    "memorysetup-thread-allocator-block-size=16777216"
    "memorysetup-gfx-main-allocator-block-size=16777216"
    "memorysetup-gfx-thread-allocator-block-size=16777216"
    "memorysetup-cache-allocator-block-size=4194304"
    "memorysetup-typetree-allocator-block-size=2097152"
    "memorysetup-profiler-bucket-allocator-granularity=16"
    "memorysetup-profiler-bucket-allocator-bucket-count=8"
    "memorysetup-profiler-bucket-allocator-block-size=33554432"
    "memorysetup-profiler-bucket-allocator-block-count=8"
    "memorysetup-profiler-allocator-block-size=16777216"
    "memorysetup-profiler-editor-allocator-block-size=1048576"
    "memorysetup-temp-allocator-size-main=16777216"
    "memorysetup-job-temp-allocator-block-size=2097152"
    "memorysetup-job-temp-allocator-block-size-background=1048576"
    "memorysetup-job-temp-allocator-reduction-small-platforms=262144"
    "memorysetup-temp-allocator-size-background-worker=32768"
    "memorysetup-temp-allocator-size-job-worker=262144"
    "memorysetup-temp-allocator-size-preload-manager=33554432"
    "memorysetup-temp-allocator-size-nav-mesh-worker=65536"
    "memorysetup-temp-allocator-size-audio-worker=65536"
    "memorysetup-temp-allocator-size-cloud-worker=32768"
    "memorysetup-temp-allocator-size-gi-baking-worker=262144"
    "memorysetup-temp-allocator-size-gfx=262144"
Player connection [16844] Host "[IP] 192.168.31.131 [Port] 0 [Flags] 2 [Guid] 959285560 [EditorId] 959285560 [Version] 1048832 [Id] WindowsEditor(7,DESKTOP-N5QVBG6) [Debug] 1 [PackageName] WindowsEditor [ProjectName] Editor" joined multi-casting on [225.0.0.222:54997]...

Player connection [16844] Host "[IP] 192.168.31.131 [Port] 0 [Flags] 2 [Guid] 959285560 [EditorId] 959285560 [Version] 1048832 [Id] WindowsEditor(7,DESKTOP-N5QVBG6) [Debug] 1 [PackageName] WindowsEditor [ProjectName] Editor" joined alternative multi-casting on [225.0.0.222:34997]...

Refreshing native plugins compatible for Editor in 75.96 ms, found 4 plugins.
Preloading 0 native plugins for Editor in 0.00 ms.
Initialize engine version: 2021.3.18f1 (3129e69bc0c7)
[Subsystems] Discovering subsystems at path E:/unity hub/Editor/2021.3.18f1/Editor/Data/Resources/UnitySubsystems
[Subsystems] Discovering subsystems at path E:/unity hub/unity project/UXA2and3/Assets
GfxDevice: creating device client; threaded=0; jobified=0
Direct3D:
    Version:  Direct3D 11.0 [level 11.1]
    Renderer: NVIDIA GeForce RTX 3070 Laptop GPU (ID=0x249d)
    Vendor:   NVIDIA
    VRAM:     8033 MB
    Driver:   31.0.15.2756
Initialize mono
Mono path[0] = 'E:/unity hub/Editor/2021.3.18f1/Editor/Data/Managed'
Mono path[1] = 'E:/unity hub/Editor/2021.3.18f1/Editor/Data/MonoBleedingEdge/lib/mono/unityjit-win32'
Mono config path = 'E:/unity hub/Editor/2021.3.18f1/Editor/Data/MonoBleedingEdge/etc'
Using monoOptions --debugger-agent=transport=dt_socket,embedding=1,server=y,suspend=n,address=127.0.0.1:56108
Begin MonoManager ReloadAssembly
Registering precompiled unity dll's ...
Register platform support module: E:/unity hub/Editor/2021.3.18f1/Editor/Data/PlaybackEngines/WebGLSupport/UnityEditor.WebGL.Extensions.dll
Register platform support module: E:/unity hub/Editor/2021.3.18f1/Editor/Data/PlaybackEngines/WindowsStandaloneSupport/UnityEditor.WindowsStandalone.Extensions.dll
Registered in 0.003508 seconds.
Native extension for WindowsStandalone target not found
Native extension for WebGL target not found
Refreshing native plugins compatible for Editor in 70.91 ms, found 4 plugins.
Preloading 0 native plugins for Editor in 0.00 ms.
Mono: successfully reloaded assembly
- Completed reload, in  0.505 seconds
Domain Reload Profiling:
	ReloadAssembly (506ms)
		BeginReloadAssembly (58ms)
			ExecutionOrderSort (0ms)
			DisableScriptedObjects (0ms)
			BackupInstance (0ms)
			ReleaseScriptingObjects (0ms)
			CreateAndSetChildDomain (1ms)
		EndReloadAssembly (362ms)
			LoadAssemblies (57ms)
			RebuildTransferFunctionScriptingTraits (0ms)
			SetupTypeCache (91ms)
			ReleaseScriptCaches (0ms)
			RebuildScriptCaches (22ms)
			SetupLoadedEditorAssemblies (209ms)
				LogAssemblyErrors (0ms)
				InitializePlatformSupportModulesInManaged (6ms)
				SetLoadedEditorAssemblies (0ms)
				RefreshPlugins (71ms)
				BeforeProcessingInitializeOnLoad (1ms)
				ProcessInitializeOnLoadAttributes (96ms)
				ProcessInitializeOnLoadMethodAttributes (34ms)
				AfterProcessingInitializeOnLoad (0ms)
				EditorAssembliesLoaded (0ms)
			ExecutionOrderSort2 (0ms)
			AwakeInstancesAfterBackupRestoration (0ms)
Platform modules already initialized, skipping
Registering precompiled user dll's ...
Registered in 0.004631 seconds.
Begin MonoManager ReloadAssembly
Symbol file LoadedFromMemory doesn't match image E:\unity hub\unity project\UXA2and3\Library\PackageCache\com.unity.visualscripting@1.8.0\Editor\VisualScripting.Core\Dependencies\YamlDotNet\Unity.VisualScripting.YamlDotNet.dll
Symbol file LoadedFromMemory doesn't match image E:\unity hub\unity project\UXA2and3\Library\PackageCache\com.unity.visualscripting@1.8.0\Editor\VisualScripting.Core\Dependencies\DotNetZip\Unity.VisualScripting.IonicZip.dll
Native extension for WindowsStandalone target not found
Native extension for WebGL target not found
Refreshing native plugins compatible for Editor in 76.29 ms, found 4 plugins.
Preloading 0 native plugins for Editor in 0.00 ms.
Mono: successfully reloaded assembly
- Completed reload, in  0.996 seconds
Domain Reload Profiling:
	ReloadAssembly (997ms)
		BeginReloadAssembly (83ms)
			ExecutionOrderSort (0ms)
			DisableScriptedObjects (4ms)
			BackupInstance (0ms)
			ReleaseScriptingObjects (0ms)
			CreateAndSetChildDomain (17ms)
		EndReloadAssembly (824ms)
			LoadAssemblies (59ms)
			RebuildTransferFunctionScriptingTraits (0ms)
			SetupTypeCache (189ms)
			ReleaseScriptCaches (1ms)
			RebuildScriptCaches (45ms)
			SetupLoadedEditorAssemblies (486ms)
				LogAssemblyErrors (0ms)
				InitializePlatformSupportModulesInManaged (4ms)
				SetLoadedEditorAssemblies (0ms)
				RefreshPlugins (76ms)
				BeforeProcessingInitializeOnLoad (72ms)
				ProcessInitializeOnLoadAttributes (299ms)
				ProcessInitializeOnLoadMethodAttributes (29ms)
				AfterProcessingInitializeOnLoad (5ms)
				EditorAssembliesLoaded (0ms)
			ExecutionOrderSort2 (0ms)
			AwakeInstancesAfterBackupRestoration (6ms)
Platform modules already initialized, skipping
========================================================================
Worker process is ready to serve import requests
Launched and connected shader compiler UnityShaderCompiler.exe after 0.03 seconds
Refreshing native plugins compatible for Editor in 0.62 ms, found 4 plugins.
Preloading 0 native plugins for Editor in 0.00 ms.
Unloading 3780 Unused Serialized files (Serialized files now loaded: 0)
Unloading 41 unused Assets / (229.2 KB). Loaded Objects now: 4234.
Memory consumption went from 150.2 MB to 150.0 MB.
Total: 3.727700 ms (FindLiveObjects: 0.443300 ms CreateObjectMapping: 0.154000 ms MarkObjects: 2.876200 ms  DeleteObjects: 0.252600 ms)

AssetImportParameters requested are different than current active one (requested -> active):
  custom:video-decoder-ogg-theora: a1e56fd34408186e4bbccfd4996cb3dc -> 
  custom:container-muxer-webm: aa71ff27fc2769a1b78a27578f13a17b -> 
  custom:container-demuxer-webm: 4f35f7cbe854078d1ac9338744f61a02 -> 
  custom:video-encoder-webm-vp8: eb34c28f22e8b96e1ab97ce403110664 -> 
  custom:audio-encoder-webm-vorbis: bf7c407c2cedff20999df2af8eb42d56 -> 
  custom:framework-win-MediaFoundation: 216162199b28c13a410421893ffa2e32 -> 
  custom:container-demuxer-ogg: 62fdf1f143b41e24485cea50d1cbac27 -> 
  custom:video-decoder-webm-vp8: 9c59270c3fd7afecdb556c50c9e8de78 -> 
  custom:audio-decoder-ogg-vorbis: bf7c407c2cedff20999df2af8eb42d56 -> 
========================================================================
Received Import Request.
  Time since last request: 111107.211923 seconds.
  path: Assets/Scenes/Page 4.unity
  artifactKey: Guid(832fde5a135c9bd4bb6ec6b1601f5f48) Importer(815301076,1909f56bfc062723c751e8b465ee728b)
Start importing Assets/Scenes/Page 4.unity using Guid(832fde5a135c9bd4bb6ec6b1601f5f48) Importer(815301076,1909f56bfc062723c751e8b465ee728b)  -> (artifact id: 'c17d8c45792a3f0853ff75a53aaf9ff0') in 0.014730 seconds 
========================================================================
Received Import Request.
  Time since last request: 397.633012 seconds.
  path: Assets/Scenes/Page 4.unity
  artifactKey: Guid(832fde5a135c9bd4bb6ec6b1601f5f48) Importer(815301076,1909f56bfc062723c751e8b465ee728b)
Start importing Assets/Scenes/Page 4.unity using Guid(832fde5a135c9bd4bb6ec6b1601f5f48) Importer(815301076,1909f56bfc062723c751e8b465ee728b)  -> (artifact id: '637cbef7070470ba3968046ee1fc7164') in 0.002077 seconds 
========================================================================
Received Import Request.
  Time since last request: 179.095725 seconds.
  path: Assets/Scenes/Page 4.unity
  artifactKey: Guid(832fde5a135c9bd4bb6ec6b1601f5f48) Importer(815301076,1909f56bfc062723c751e8b465ee728b)
Start importing Assets/Scenes/Page 4.unity using Guid(832fde5a135c9bd4bb6ec6b1601f5f48) Importer(815301076,1909f56bfc062723c751e8b465ee728b)  -> (artifact id: '4b77a205c3bc73f02ff1fd8df3be1c7f') in 0.002403 seconds 
========================================================================
Received Import Request.
  Time since last request: 13.713405 seconds.
  path: Assets/Scenes/Page 2.unity
  artifactKey: Guid(4916ec2a6457d8441a4b2045c61ae078) Importer(815301076,1909f56bfc062723c751e8b465ee728b)
Start importing Assets/Scenes/Page 2.unity using Guid(4916ec2a6457d8441a4b2045c61ae078) Importer(815301076,1909f56bfc062723c751e8b465ee728b)  -> (artifact id: 'af387ca43743c53d4a82b40dc10af158') in 0.006824 seconds 
========================================================================
Received Import Request.
  Time since last request: 14.059394 seconds.
  path: Assets/Scenes/Page 2.unity
  artifactKey: Guid(4916ec2a6457d8441a4b2045c61ae078) Importer(815301076,1909f56bfc062723c751e8b465ee728b)
Start importing Assets/Scenes/Page 2.unity using Guid(4916ec2a6457d8441a4b2045c61ae078) Importer(815301076,1909f56bfc062723c751e8b465ee728b)  -> (artifact id: '1946b1e0862361bd6eb3fd61a4f7ac3f') in 0.001352 seconds 
========================================================================
Received Import Request.
  Time since last request: 4.052209 seconds.
  path: Assets/Scenes/Page 4.unity
  artifactKey: Guid(832fde5a135c9bd4bb6ec6b1601f5f48) Importer(815301076,1909f56bfc062723c751e8b465ee728b)
Start importing Assets/Scenes/Page 4.unity using Guid(832fde5a135c9bd4bb6ec6b1601f5f48) Importer(815301076,1909f56bfc062723c751e8b465ee728b)  -> (artifact id: 'd3a23959062973956e8287209c2cdcf8') in 0.001444 seconds 
========================================================================
Received Import Request.
  Time since last request: 53.990673 seconds.
  path: Assets/Scenes/Page 3.unity
  artifactKey: Guid(047338ac12e3af644a35e945aa417795) Importer(815301076,1909f56bfc062723c751e8b465ee728b)
Start importing Assets/Scenes/Page 3.unity using Guid(047338ac12e3af644a35e945aa417795) Importer(815301076,1909f56bfc062723c751e8b465ee728b)  -> (artifact id: '24f122254afaa697d597ff7393ec0416') in 0.001546 seconds 
========================================================================
Received Import Request.
  Time since last request: 139.651248 seconds.
  path: Assets/Storypages/Credits page.png
  artifactKey: Guid(e05f65ffb06f05246a128cadc2ad7023) Importer(815301076,1909f56bfc062723c751e8b465ee728b)
Start importing Assets/Storypages/Credits page.png using Guid(e05f65ffb06f05246a128cadc2ad7023) Importer(815301076,1909f56bfc062723c751e8b465ee728b)  -> (artifact id: '4774f29fe8255489de32e6aea9374577') in 0.104673 seconds 
========================================================================
Received Import Request.
  Time since last request: 11.344768 seconds.
  path: Assets/Timelines/Main CameraTimeline Homepage.playable
  artifactKey: Guid(078dc6f39ea10644792f4783869195ea) Importer(815301076,1909f56bfc062723c751e8b465ee728b)
Start importing Assets/Timelines/Main CameraTimeline Homepage.playable using Guid(078dc6f39ea10644792f4783869195ea) Importer(815301076,1909f56bfc062723c751e8b465ee728b)  -> (artifact id: '9c5c1c25bb977cf7f2bf1a8a14904e5e') in 0.016135 seconds 
========================================================================
Received Import Request.
  Time since last request: 0.000026 seconds.
  path: Assets/Timelines/Page0.playable
  artifactKey: Guid(9b27ffcc7820a5a4fac1f3b2aa548e98) Importer(815301076,1909f56bfc062723c751e8b465ee728b)
Start importing Assets/Timelines/Page0.playable using Guid(9b27ffcc7820a5a4fac1f3b2aa548e98) Importer(815301076,1909f56bfc062723c751e8b465ee728b)  -> (artifact id: 'f4ef301b7b5b167cad4a1438fae89dac') in 0.008726 seconds 
========================================================================
Received Import Request.
  Time since last request: 0.000027 seconds.
  path: Assets/Timelines/Main CameraTimeline Page 2.playable
  artifactKey: Guid(110c28b71e6e09247a8b12fdbf7d9f70) Importer(815301076,1909f56bfc062723c751e8b465ee728b)
Start importing Assets/Timelines/Main CameraTimeline Page 2.playable using Guid(110c28b71e6e09247a8b12fdbf7d9f70) Importer(815301076,1909f56bfc062723c751e8b465ee728b)  -> (artifact id: '1454ca9b368fc8615f126f01c4e350c7') in 0.008774 seconds 
Editor requested this worker to shutdown with reason: Scaling down because of idle timeout
AssetImportWorker is now disconnected from the server
Process exiting
Exiting without the bug reporter. Application will terminate with return code 0