Using pre-set license
Built from '2021.3/staging' branch; Version is '2021.3.18f1 (3129e69bc0c7) revision 3221990'; Using compiler version '192829333'; Build Type 'Release'
OS: 'Windows 11  (10.0.22621) 64bit CoreCountrySpecific' Language: 'zh' Physical Memory: 16193 MB
BatchMode: 1, IsHumanControllingUs: 0, StartBugReporterOnCrash: 0, Is64bit: 1, IsPro: 1

COMMAND LINE ARGUMENTS:
E:\unity hub\Editor\2021.3.18f1\Editor\Unity.exe
-adb2
-batchMode
-noUpm
-name
AssetImportWorker2
-projectPath
E:/unity hub/unity project/UXA2and3
-logFile
Logs/AssetImportWorker2.log
-srvPort
56308
Successfully changed project path to: E:/unity hub/unity project/UXA2and3
E:/unity hub/unity project/UXA2and3
[UnityMemory] Configuration Parameters - Can be set up in boot.config
    "memorysetup-bucket-allocator-granularity=16"
    "memorysetup-bucket-allocator-bucket-count=8"
    "memorysetup-bucket-allocator-block-size=33554432"
    "memorysetup-bucket-allocator-block-count=8"
    "memorysetup-main-allocator-block-size=16777216"
    "memorysetup-thread-allocator-block-size=16777216"
    "memorysetup-gfx-main-allocator-block-size=16777216"
    "memorysetup-gfx-thread-allocator-block-size=16777216"
    "memorysetup-cache-allocator-block-size=4194304"
    "memorysetup-typetree-allocator-block-size=2097152"
    "memorysetup-profiler-bucket-allocator-granularity=16"
    "memorysetup-profiler-bucket-allocator-bucket-count=8"
    "memorysetup-profiler-bucket-allocator-block-size=33554432"
    "memorysetup-profiler-bucket-allocator-block-count=8"
    "memorysetup-profiler-allocator-block-size=16777216"
    "memorysetup-profiler-editor-allocator-block-size=1048576"
    "memorysetup-temp-allocator-size-main=16777216"
    "memorysetup-job-temp-allocator-block-size=2097152"
    "memorysetup-job-temp-allocator-block-size-background=1048576"
    "memorysetup-job-temp-allocator-reduction-small-platforms=262144"
    "memorysetup-temp-allocator-size-background-worker=32768"
    "memorysetup-temp-allocator-size-job-worker=262144"
    "memorysetup-temp-allocator-size-preload-manager=33554432"
    "memorysetup-temp-allocator-size-nav-mesh-worker=65536"
    "memorysetup-temp-allocator-size-audio-worker=65536"
    "memorysetup-temp-allocator-size-cloud-worker=32768"
    "memorysetup-temp-allocator-size-gi-baking-worker=262144"
    "memorysetup-temp-allocator-size-gfx=262144"
Player connection [24356] Host "[IP] 192.168.31.131 [Port] 0 [Flags] 2 [Guid] 1868004204 [EditorId] 1868004204 [Version] 1048832 [Id] WindowsEditor(7,DESKTOP-N5QVBG6) [Debug] 1 [PackageName] WindowsEditor [ProjectName] Editor" joined multi-casting on [225.0.0.222:54997]...

Player connection [24356] Host "[IP] 192.168.31.131 [Port] 0 [Flags] 2 [Guid] 1868004204 [EditorId] 1868004204 [Version] 1048832 [Id] WindowsEditor(7,DESKTOP-N5QVBG6) [Debug] 1 [PackageName] WindowsEditor [ProjectName] Editor" joined alternative multi-casting on [225.0.0.222:34997]...

Refreshing native plugins compatible for Editor in 72.25 ms, found 4 plugins.
Preloading 0 native plugins for Editor in 0.00 ms.
Initialize engine version: 2021.3.18f1 (3129e69bc0c7)
[Subsystems] Discovering subsystems at path E:/unity hub/Editor/2021.3.18f1/Editor/Data/Resources/UnitySubsystems
[Subsystems] Discovering subsystems at path E:/unity hub/unity project/UXA2and3/Assets
GfxDevice: creating device client; threaded=0; jobified=0
Direct3D:
    Version:  Direct3D 11.0 [level 11.1]
    Renderer: NVIDIA GeForce RTX 3070 Laptop GPU (ID=0x249d)
    Vendor:   NVIDIA
    VRAM:     8033 MB
    Driver:   31.0.15.2756
Initialize mono
Mono path[0] = 'E:/unity hub/Editor/2021.3.18f1/Editor/Data/Managed'
Mono path[1] = 'E:/unity hub/Editor/2021.3.18f1/Editor/Data/MonoBleedingEdge/lib/mono/unityjit-win32'
Mono config path = 'E:/unity hub/Editor/2021.3.18f1/Editor/Data/MonoBleedingEdge/etc'
Using monoOptions --debugger-agent=transport=dt_socket,embedding=1,server=y,suspend=n,address=127.0.0.1:56212
Begin MonoManager ReloadAssembly
Registering precompiled unity dll's ...
Register platform support module: E:/unity hub/Editor/2021.3.18f1/Editor/Data/PlaybackEngines/WindowsStandaloneSupport/UnityEditor.WindowsStandalone.Extensions.dll
Registered in 0.003064 seconds.
Native extension for WindowsStandalone target not found
Refreshing native plugins compatible for Editor in 69.00 ms, found 4 plugins.
Preloading 0 native plugins for Editor in 0.00 ms.
Mono: successfully reloaded assembly
- Completed reload, in  0.471 seconds
Domain Reload Profiling:
	ReloadAssembly (472ms)
		BeginReloadAssembly (52ms)
			ExecutionOrderSort (0ms)
			DisableScriptedObjects (0ms)
			BackupInstance (0ms)
			ReleaseScriptingObjects (0ms)
			CreateAndSetChildDomain (1ms)
		EndReloadAssembly (338ms)
			LoadAssemblies (51ms)
			RebuildTransferFunctionScriptingTraits (0ms)
			SetupTypeCache (80ms)
			ReleaseScriptCaches (0ms)
			RebuildScriptCaches (21ms)
			SetupLoadedEditorAssemblies (199ms)
				LogAssemblyErrors (0ms)
				InitializePlatformSupportModulesInManaged (6ms)
				SetLoadedEditorAssemblies (0ms)
				RefreshPlugins (69ms)
				BeforeProcessingInitializeOnLoad (1ms)
				ProcessInitializeOnLoadAttributes (91ms)
				ProcessInitializeOnLoadMethodAttributes (32ms)
				AfterProcessingInitializeOnLoad (0ms)
				EditorAssembliesLoaded (0ms)
			ExecutionOrderSort2 (0ms)
			AwakeInstancesAfterBackupRestoration (0ms)
Platform modules already initialized, skipping
Registering precompiled user dll's ...
Registered in 0.004365 seconds.
Begin MonoManager ReloadAssembly
Symbol file LoadedFromMemory doesn't match image E:\unity hub\unity project\UXA2and3\Library\PackageCache\com.unity.visualscripting@1.8.0\Editor\VisualScripting.Core\Dependencies\YamlDotNet\Unity.VisualScripting.YamlDotNet.dll
Symbol file LoadedFromMemory doesn't match image E:\unity hub\unity project\UXA2and3\Library\PackageCache\com.unity.visualscripting@1.8.0\Editor\VisualScripting.Core\Dependencies\DotNetZip\Unity.VisualScripting.IonicZip.dll
Native extension for WindowsStandalone target not found
Refreshing native plugins compatible for Editor in 64.74 ms, found 4 plugins.
Preloading 0 native plugins for Editor in 0.00 ms.
Mono: successfully reloaded assembly
- Completed reload, in  0.936 seconds
Domain Reload Profiling:
	ReloadAssembly (937ms)
		BeginReloadAssembly (84ms)
			ExecutionOrderSort (0ms)
			DisableScriptedObjects (4ms)
			BackupInstance (0ms)
			ReleaseScriptingObjects (0ms)
			CreateAndSetChildDomain (16ms)
		EndReloadAssembly (765ms)
			LoadAssemblies (62ms)
			RebuildTransferFunctionScriptingTraits (0ms)
			SetupTypeCache (173ms)
			ReleaseScriptCaches (1ms)
			RebuildScriptCaches (39ms)
			SetupLoadedEditorAssemblies (456ms)
				LogAssemblyErrors (0ms)
				InitializePlatformSupportModulesInManaged (3ms)
				SetLoadedEditorAssemblies (0ms)
				RefreshPlugins (65ms)
				BeforeProcessingInitializeOnLoad (67ms)
				ProcessInitializeOnLoadAttributes (290ms)
				ProcessInitializeOnLoadMethodAttributes (26ms)
				AfterProcessingInitializeOnLoad (5ms)
				EditorAssembliesLoaded (0ms)
			ExecutionOrderSort2 (0ms)
			AwakeInstancesAfterBackupRestoration (5ms)
Platform modules already initialized, skipping
========================================================================
Worker process is ready to serve import requests
Launched and connected shader compiler UnityShaderCompiler.exe after 0.03 seconds
Refreshing native plugins compatible for Editor in 0.57 ms, found 4 plugins.
Preloading 0 native plugins for Editor in 0.00 ms.
Unloading 3733 Unused Serialized files (Serialized files now loaded: 0)
Unloading 41 unused Assets / (228.9 KB). Loaded Objects now: 4187.
Memory consumption went from 146.9 MB to 146.6 MB.
Total: 2.759900 ms (FindLiveObjects: 0.242200 ms CreateObjectMapping: 0.085800 ms MarkObjects: 2.300800 ms  DeleteObjects: 0.130300 ms)

AssetImportParameters requested are different than current active one (requested -> active):
  custom:video-decoder-ogg-theora: a1e56fd34408186e4bbccfd4996cb3dc -> 
  custom:container-muxer-webm: aa71ff27fc2769a1b78a27578f13a17b -> 
  custom:container-demuxer-webm: 4f35f7cbe854078d1ac9338744f61a02 -> 
  custom:video-encoder-webm-vp8: eb34c28f22e8b96e1ab97ce403110664 -> 
  custom:audio-encoder-webm-vorbis: bf7c407c2cedff20999df2af8eb42d56 -> 
  custom:framework-win-MediaFoundation: 216162199b28c13a410421893ffa2e32 -> 
  custom:container-demuxer-ogg: 62fdf1f143b41e24485cea50d1cbac27 -> 
  custom:video-decoder-webm-vp8: 9c59270c3fd7afecdb556c50c9e8de78 -> 
  custom:audio-decoder-ogg-vorbis: bf7c407c2cedff20999df2af8eb42d56 -> 
========================================================================
Received Import Request.
  Time since last request: 50709.640878 seconds.
  path: Assets/Scenes/Home page.unity
  artifactKey: Guid(389c10de6587b954fbdc671623a3f66f) Importer(815301076,1909f56bfc062723c751e8b465ee728b)
Start importing Assets/Scenes/Home page.unity using Guid(389c10de6587b954fbdc671623a3f66f) Importer(815301076,1909f56bfc062723c751e8b465ee728b)  -> (artifact id: '2ebe07efd13ccc947cdc055c02cff5a1') in 0.011737 seconds 
========================================================================
Received Import Request.
  Time since last request: 75.250297 seconds.
  path: Assets/Scenes/Page 2.unity
  artifactKey: Guid(4916ec2a6457d8441a4b2045c61ae078) Importer(815301076,1909f56bfc062723c751e8b465ee728b)
Start importing Assets/Scenes/Page 2.unity using Guid(4916ec2a6457d8441a4b2045c61ae078) Importer(815301076,1909f56bfc062723c751e8b465ee728b)  -> (artifact id: '737adfea2e43e546e0c855c0b29b851a') in 0.006640 seconds 
========================================================================
Received Import Request.
  Time since last request: 3.586017 seconds.
  path: Assets/Scenes/Page 1.unity
  artifactKey: Guid(2cda990e2423bbf4892e6590ba056729) Importer(815301076,1909f56bfc062723c751e8b465ee728b)
Start importing Assets/Scenes/Page 1.unity using Guid(2cda990e2423bbf4892e6590ba056729) Importer(815301076,1909f56bfc062723c751e8b465ee728b)  -> (artifact id: '1d8d09b7d2ce1c0c6d83089be388a158') in 0.006490 seconds 
========================================================================
Received Import Request.
  Time since last request: 46.300795 seconds.
  path: Assets/Scenes/Page 3.unity
  artifactKey: Guid(047338ac12e3af644a35e945aa417795) Importer(815301076,1909f56bfc062723c751e8b465ee728b)
Start importing Assets/Scenes/Page 3.unity using Guid(047338ac12e3af644a35e945aa417795) Importer(815301076,1909f56bfc062723c751e8b465ee728b)  -> (artifact id: 'e6c48e4c38e5466b7b44eb0b6efda0a5') in 0.006471 seconds 
========================================================================
Received Import Request.
  Time since last request: 28.452602 seconds.
  path: Assets/Scenes/Page 4.unity
  artifactKey: Guid(832fde5a135c9bd4bb6ec6b1601f5f48) Importer(815301076,1909f56bfc062723c751e8b465ee728b)
Start importing Assets/Scenes/Page 4.unity using Guid(832fde5a135c9bd4bb6ec6b1601f5f48) Importer(815301076,1909f56bfc062723c751e8b465ee728b)  -> (artifact id: '16f5f9ee1fcb31eb83615e6ed5aebfa6') in 0.006212 seconds 
========================================================================
Received Import Request.
  Time since last request: 144.808988 seconds.
  path: Assets/Storypages/Credits page.png
  artifactKey: Guid(e05f65ffb06f05246a128cadc2ad7023) Importer(815301076,1909f56bfc062723c751e8b465ee728b)
Start importing Assets/Storypages/Credits page.png using Guid(e05f65ffb06f05246a128cadc2ad7023) Importer(815301076,1909f56bfc062723c751e8b465ee728b)  -> (artifact id: '379dd95b462e14a79f09d452b2447cbd') in 0.088723 seconds 
========================================================================
Received Import Request.
  Time since last request: 32.836958 seconds.
  path: Assets/Scenes/Credits page.unity
  artifactKey: Guid(e374098d9cc6ff847bf8e8592b617515) Importer(815301076,1909f56bfc062723c751e8b465ee728b)
Start importing Assets/Scenes/Credits page.unity using Guid(e374098d9cc6ff847bf8e8592b617515) Importer(815301076,1909f56bfc062723c751e8b465ee728b)  -> (artifact id: '39f44189cbd65ce089c78abadef5306f') in 0.006522 seconds 
========================================================================
Received Import Request.
  Time since last request: 91.660625 seconds.
  path: Assets
  artifactKey: Guid(00000000000000001000000000000000) Importer(815301076,1909f56bfc062723c751e8b465ee728b)
Start importing Assets using Guid(00000000000000001000000000000000) Importer(815301076,1909f56bfc062723c751e8b465ee728b)  -> (artifact id: '79842766b460edbeab6a34051e857a80') in 0.007133 seconds 
========================================================================
Received Import Request.
  Time since last request: 27.774036 seconds.
  path: Assets/Scenes/Page 5.unity
  artifactKey: Guid(22b609b8a66d8f14d8d0295ea3212107) Importer(815301076,1909f56bfc062723c751e8b465ee728b)
Start importing Assets/Scenes/Page 5.unity using Guid(22b609b8a66d8f14d8d0295ea3212107) Importer(815301076,1909f56bfc062723c751e8b465ee728b)  -> (artifact id: 'cc87df55d9986f2be74365cea829b1db') in 0.006463 seconds 
========================================================================
Received Import Request.
  Time since last request: 2.850139 seconds.
  path: Assets/Scenes/Home page.unity
  artifactKey: Guid(389c10de6587b954fbdc671623a3f66f) Importer(815301076,1909f56bfc062723c751e8b465ee728b)
Start importing Assets/Scenes/Home page.unity using Guid(389c10de6587b954fbdc671623a3f66f) Importer(815301076,1909f56bfc062723c751e8b465ee728b)  -> (artifact id: '5d1552efb43aa0d93ec58e3ead8962b3') in 0.001390 seconds 
========================================================================
Received Import Request.
  Time since last request: 2239.487038 seconds.
  path: Assets/Scenes/Home page.unity
  artifactKey: Guid(389c10de6587b954fbdc671623a3f66f) Importer(815301076,1909f56bfc062723c751e8b465ee728b)
Start importing Assets/Scenes/Home page.unity using Guid(389c10de6587b954fbdc671623a3f66f) Importer(815301076,1909f56bfc062723c751e8b465ee728b)  -> (artifact id: 'c6e25d40156590219f6dce3081c55479') in 0.008503 seconds 
========================================================================
Received Import Request.
  Time since last request: 29.957614 seconds.
  path: Assets/Scenes/Page 1.unity
  artifactKey: Guid(2cda990e2423bbf4892e6590ba056729) Importer(815301076,1909f56bfc062723c751e8b465ee728b)
Start importing Assets/Scenes/Page 1.unity using Guid(2cda990e2423bbf4892e6590ba056729) Importer(815301076,1909f56bfc062723c751e8b465ee728b)  -> (artifact id: '0fe623f4bf3ca35d154108c46d28d02f') in 0.001390 seconds 
========================================================================
Received Import Request.
  Time since last request: 28.083125 seconds.
  path: Assets/Scenes/Page 2.unity
  artifactKey: Guid(4916ec2a6457d8441a4b2045c61ae078) Importer(815301076,1909f56bfc062723c751e8b465ee728b)
Start importing Assets/Scenes/Page 2.unity using Guid(4916ec2a6457d8441a4b2045c61ae078) Importer(815301076,1909f56bfc062723c751e8b465ee728b)  -> (artifact id: 'f87d488c3a861a064133bbc174db0ab3') in 0.007029 seconds 
========================================================================
Received Import Request.
  Time since last request: 36.886905 seconds.
  path: Assets/Scenes/Page 3.unity
  artifactKey: Guid(047338ac12e3af644a35e945aa417795) Importer(815301076,1909f56bfc062723c751e8b465ee728b)
Start importing Assets/Scenes/Page 3.unity using Guid(047338ac12e3af644a35e945aa417795) Importer(815301076,1909f56bfc062723c751e8b465ee728b)  -> (artifact id: 'd1735db565262cf909223d14dbc8d12a') in 0.006410 seconds 
========================================================================
Received Import Request.
  Time since last request: 27.867946 seconds.
  path: Assets/Scenes/Page 4.unity
  artifactKey: Guid(832fde5a135c9bd4bb6ec6b1601f5f48) Importer(815301076,1909f56bfc062723c751e8b465ee728b)
Start importing Assets/Scenes/Page 4.unity using Guid(832fde5a135c9bd4bb6ec6b1601f5f48) Importer(815301076,1909f56bfc062723c751e8b465ee728b)  -> (artifact id: '8bf0509cb316b19e3fa027706a5dd5fd') in 0.006778 seconds 
========================================================================
Received Import Request.
  Time since last request: 29.140031 seconds.
  path: Assets/Scenes/Page 5.unity
  artifactKey: Guid(22b609b8a66d8f14d8d0295ea3212107) Importer(815301076,1909f56bfc062723c751e8b465ee728b)
Start importing Assets/Scenes/Page 5.unity using Guid(22b609b8a66d8f14d8d0295ea3212107) Importer(815301076,1909f56bfc062723c751e8b465ee728b)  -> (artifact id: '815f61306fe9f4836599d9667c45bb13') in 0.001245 seconds 
========================================================================
Received Import Request.
  Time since last request: 77.537673 seconds.
  path: Assets/Scenes/New Scene.unity
  artifactKey: Guid(ede24777c4acf0f4895ff9e5cb24968b) Importer(815301076,1909f56bfc062723c751e8b465ee728b)
Start importing Assets/Scenes/New Scene.unity using Guid(ede24777c4acf0f4895ff9e5cb24968b) Importer(815301076,1909f56bfc062723c751e8b465ee728b)  -> (artifact id: '2fa2d266f949345d841d4d86f36ec325') in 0.006313 seconds 
========================================================================
Received Prepare
Registering precompiled user dll's ...
Registered in 0.004281 seconds.
Begin MonoManager ReloadAssembly
Symbol file LoadedFromMemory doesn't match image E:\unity hub\unity project\UXA2and3\Library\PackageCache\com.unity.visualscripting@1.8.0\Editor\VisualScripting.Core\Dependencies\YamlDotNet\Unity.VisualScripting.YamlDotNet.dll
Symbol file LoadedFromMemory doesn't match image E:\unity hub\unity project\UXA2and3\Library\PackageCache\com.unity.visualscripting@1.8.0\Editor\VisualScripting.Core\Dependencies\DotNetZip\Unity.VisualScripting.IonicZip.dll
Native extension for WindowsStandalone target not found
Refreshing native plugins compatible for Editor in 0.60 ms, found 4 plugins.
Preloading 0 native plugins for Editor in 0.00 ms.
Mono: successfully reloaded assembly
- Completed reload, in  0.897 seconds
Domain Reload Profiling:
	ReloadAssembly (897ms)
		BeginReloadAssembly (116ms)
			ExecutionOrderSort (0ms)
			DisableScriptedObjects (5ms)
			BackupInstance (0ms)
			ReleaseScriptingObjects (0ms)
			CreateAndSetChildDomain (35ms)
		EndReloadAssembly (708ms)
			LoadAssemblies (69ms)
			RebuildTransferFunctionScriptingTraits (0ms)
			SetupTypeCache (192ms)
			ReleaseScriptCaches (1ms)
			RebuildScriptCaches (37ms)
			SetupLoadedEditorAssemblies (378ms)
				LogAssemblyErrors (0ms)
				InitializePlatformSupportModulesInManaged (11ms)
				SetLoadedEditorAssemblies (0ms)
				RefreshPlugins (1ms)
				BeforeProcessingInitializeOnLoad (58ms)
				ProcessInitializeOnLoadAttributes (276ms)
				ProcessInitializeOnLoadMethodAttributes (27ms)
				AfterProcessingInitializeOnLoad (5ms)
				EditorAssembliesLoaded (0ms)
			ExecutionOrderSort2 (0ms)
			AwakeInstancesAfterBackupRestoration (7ms)
Platform modules already initialized, skipping
Refreshing native plugins compatible for Editor in 2.00 ms, found 4 plugins.
Preloading 0 native plugins for Editor in 0.00 ms.
Unloading 3728 Unused Serialized files (Serialized files now loaded: 0)
Unloading 28 unused Assets / (195.4 KB). Loaded Objects now: 4197.
Memory consumption went from 150.8 MB to 150.6 MB.
Total: 2.821500 ms (FindLiveObjects: 0.229600 ms CreateObjectMapping: 0.096700 ms MarkObjects: 2.348300 ms  DeleteObjects: 0.145900 ms)

AssetImportParameters requested are different than current active one (requested -> active):
  custom:video-decoder-ogg-theora: a1e56fd34408186e4bbccfd4996cb3dc -> 
  custom:container-muxer-webm: aa71ff27fc2769a1b78a27578f13a17b -> 
  custom:container-demuxer-webm: 4f35f7cbe854078d1ac9338744f61a02 -> 
  custom:video-encoder-webm-vp8: eb34c28f22e8b96e1ab97ce403110664 -> 
  custom:audio-encoder-webm-vorbis: bf7c407c2cedff20999df2af8eb42d56 -> 
  custom:framework-win-MediaFoundation: 216162199b28c13a410421893ffa2e32 -> 
  custom:container-demuxer-ogg: 62fdf1f143b41e24485cea50d1cbac27 -> 
  custom:video-decoder-webm-vp8: 9c59270c3fd7afecdb556c50c9e8de78 -> 
  custom:audio-decoder-ogg-vorbis: bf7c407c2cedff20999df2af8eb42d56 -> 
========================================================================
Received Import Request.
  Time since last request: 65.659272 seconds.
  path: Assets/Scenes/Credits page.unity
  artifactKey: Guid(e374098d9cc6ff847bf8e8592b617515) Importer(815301076,1909f56bfc062723c751e8b465ee728b)
Start importing Assets/Scenes/Credits page.unity using Guid(e374098d9cc6ff847bf8e8592b617515) Importer(815301076,1909f56bfc062723c751e8b465ee728b)  -> (artifact id: '627a4ec006d33e63dfabc03efae9b76e') in 0.006494 seconds 
========================================================================
Received Prepare
Registering precompiled user dll's ...
Registered in 0.004239 seconds.
Begin MonoManager ReloadAssembly
Symbol file LoadedFromMemory doesn't match image E:\unity hub\unity project\UXA2and3\Library\PackageCache\com.unity.visualscripting@1.8.0\Editor\VisualScripting.Core\Dependencies\YamlDotNet\Unity.VisualScripting.YamlDotNet.dll
Symbol file LoadedFromMemory doesn't match image E:\unity hub\unity project\UXA2and3\Library\PackageCache\com.unity.visualscripting@1.8.0\Editor\VisualScripting.Core\Dependencies\DotNetZip\Unity.VisualScripting.IonicZip.dll
Native extension for WindowsStandalone target not found
Refreshing native plugins compatible for Editor in 0.62 ms, found 4 plugins.
Preloading 0 native plugins for Editor in 0.00 ms.
Mono: successfully reloaded assembly
- Completed reload, in  0.911 seconds
Domain Reload Profiling:
	ReloadAssembly (911ms)
		BeginReloadAssembly (112ms)
			ExecutionOrderSort (0ms)
			DisableScriptedObjects (5ms)
			BackupInstance (0ms)
			ReleaseScriptingObjects (0ms)
			CreateAndSetChildDomain (39ms)
		EndReloadAssembly (720ms)
			LoadAssemblies (64ms)
			RebuildTransferFunctionScriptingTraits (0ms)
			SetupTypeCache (174ms)
			ReleaseScriptCaches (2ms)
			RebuildScriptCaches (37ms)
			SetupLoadedEditorAssemblies (389ms)
				LogAssemblyErrors (0ms)
				InitializePlatformSupportModulesInManaged (9ms)
				SetLoadedEditorAssemblies (0ms)
				RefreshPlugins (1ms)
				BeforeProcessingInitializeOnLoad (53ms)
				ProcessInitializeOnLoadAttributes (289ms)
				ProcessInitializeOnLoadMethodAttributes (31ms)
				AfterProcessingInitializeOnLoad (5ms)
				EditorAssembliesLoaded (0ms)
			ExecutionOrderSort2 (0ms)
			AwakeInstancesAfterBackupRestoration (8ms)
Platform modules already initialized, skipping
Refreshing native plugins compatible for Editor in 1.59 ms, found 4 plugins.
Preloading 0 native plugins for Editor in 0.00 ms.
Unloading 3728 Unused Serialized files (Serialized files now loaded: 0)
Unloading 28 unused Assets / (195.6 KB). Loaded Objects now: 4200.
Memory consumption went from 150.8 MB to 150.6 MB.
Total: 2.903600 ms (FindLiveObjects: 0.221900 ms CreateObjectMapping: 0.083800 ms MarkObjects: 2.469200 ms  DeleteObjects: 0.127700 ms)

AssetImportParameters requested are different than current active one (requested -> active):
  custom:video-decoder-ogg-theora: a1e56fd34408186e4bbccfd4996cb3dc -> 
  custom:container-muxer-webm: aa71ff27fc2769a1b78a27578f13a17b -> 
  custom:container-demuxer-webm: 4f35f7cbe854078d1ac9338744f61a02 -> 
  custom:video-encoder-webm-vp8: eb34c28f22e8b96e1ab97ce403110664 -> 
  custom:audio-encoder-webm-vorbis: bf7c407c2cedff20999df2af8eb42d56 -> 
  custom:framework-win-MediaFoundation: 216162199b28c13a410421893ffa2e32 -> 
  custom:container-demuxer-ogg: 62fdf1f143b41e24485cea50d1cbac27 -> 
  custom:video-decoder-webm-vp8: 9c59270c3fd7afecdb556c50c9e8de78 -> 
  custom:audio-decoder-ogg-vorbis: bf7c407c2cedff20999df2af8eb42d56 -> 
